<?xml version="1.0" encoding="UTF-8"?>
<testng-results ignored="0" total="1" passed="1" failed="0" skipped="0">
  <reporter-output>
  </reporter-output>
  <suite started-at="2025-02-12T12:45:01 IST" name="Default suite" finished-at="2025-02-12T12:45:04 IST" duration-ms="3493">
    <groups>
    </groups>
    <test started-at="2025-02-12T12:45:01 IST" name="Default test" finished-at="2025-02-12T12:45:04 IST" duration-ms="3493">
      <class name="com.backend.wiremock.WireMockTest">
        <test-method signature="wiremock()[pri:0, instance:com.backend.wiremock.WireMockTest@4007f65e]" started-at="2025-02-12T12:45:01 IST" name="wiremock" finished-at="2025-02-12T12:45:04 IST" duration-ms="3421" status="PASS">
          <reporter-output>
          </reporter-output>
        </test-method> <!-- wiremock -->
      </class> <!-- com.backend.wiremock.WireMockTest -->
    </test> <!-- Default test -->
  </suite> <!-- Default suite -->
</testng-results>
