<?xml version="1.0" encoding="UTF-8"?>
<testng-results ignored="0" total="1" passed="1" failed="0" skipped="0">
  <reporter-output>
  </reporter-output>
  <suite started-at="2025-01-27T12:59:02 IST" name="Default suite" finished-at="2025-01-27T12:59:05 IST" duration-ms="2449">
    <groups>
    </groups>
    <test started-at="2025-01-27T12:59:02 IST" name="Default test" finished-at="2025-01-27T12:59:05 IST" duration-ms="2449">
      <class name="com.backend.mocking.PaymentTest">
        <test-method signature="creditCard()[pri:0, instance:com.backend.mocking.PaymentTest@183ec003]" started-at="2025-01-27T12:59:02 IST" name="creditCard" finished-at="2025-01-27T12:59:05 IST" duration-ms="2402" status="PASS">
          <reporter-output>
          </reporter-output>
        </test-method> <!-- creditCard -->
      </class> <!-- com.backend.mocking.PaymentTest -->
    </test> <!-- Default test -->
  </suite> <!-- Default suite -->
</testng-results>
